22-Apr-2020 12:26:12.628 INFO [main] org.apache.catalina.startup.VersionLoggerListener.log 서버 버전 이름:        Apache Tomcat/8.5.54
22-Apr-2020 12:26:12.642 INFO [main] org.apache.catalina.startup.VersionLoggerListener.log Server 빌드 시각:          Apr 3 2020 14:06:10 UTC
22-Apr-2020 12:26:12.644 INFO [main] org.apache.catalina.startup.VersionLoggerListener.log Server 버전 번호:         8.5.54.0
22-Apr-2020 12:26:12.645 INFO [main] org.apache.catalina.startup.VersionLoggerListener.log 운영체제 이름:               Windows 8.1
22-Apr-2020 12:26:12.646 INFO [main] org.apache.catalina.startup.VersionLoggerListener.log 운영체제 버전:            6.3
22-Apr-2020 12:26:12.647 INFO [main] org.apache.catalina.startup.VersionLoggerListener.log 아키텍처:          amd64
22-Apr-2020 12:26:12.648 INFO [main] org.apache.catalina.startup.VersionLoggerListener.log 자바 홈:             C:\Program Files\Java\jdk-13.0.2
22-Apr-2020 12:26:12.649 INFO [main] org.apache.catalina.startup.VersionLoggerListener.log JVM 버전:           13.0.2+8
22-Apr-2020 12:26:12.650 INFO [main] org.apache.catalina.startup.VersionLoggerListener.log JVM 벤더:            Oracle Corporation
22-Apr-2020 12:26:12.651 INFO [main] org.apache.catalina.startup.VersionLoggerListener.log CATALINA_BASE:         C:\JSP\apache-tomcat-8.5.54
22-Apr-2020 12:26:12.651 INFO [main] org.apache.catalina.startup.VersionLoggerListener.log CATALINA_HOME:         C:\JSP\apache-tomcat-8.5.54
22-Apr-2020 12:26:12.652 INFO [main] org.apache.catalina.startup.VersionLoggerListener.log 명령 행 아규먼트: --add-opens=java.base/java.lang=ALL-UNNAMED
22-Apr-2020 12:26:12.654 INFO [main] org.apache.catalina.startup.VersionLoggerListener.log 명령 행 아규먼트: --add-opens=java.base/java.io=ALL-UNNAMED
22-Apr-2020 12:26:12.656 INFO [main] org.apache.catalina.startup.VersionLoggerListener.log 명령 행 아규먼트: --add-opens=java.rmi/sun.rmi.transport=ALL-UNNAMED
22-Apr-2020 12:26:12.657 INFO [main] org.apache.catalina.startup.VersionLoggerListener.log 명령 행 아규먼트: -Djava.util.logging.config.file=C:\JSP\apache-tomcat-8.5.54\conf\logging.properties
22-Apr-2020 12:26:12.659 INFO [main] org.apache.catalina.startup.VersionLoggerListener.log 명령 행 아규먼트: -Djava.util.logging.manager=org.apache.juli.ClassLoaderLogManager
22-Apr-2020 12:26:12.660 INFO [main] org.apache.catalina.startup.VersionLoggerListener.log 명령 행 아규먼트: -Djdk.tls.ephemeralDHKeySize=2048
22-Apr-2020 12:26:12.662 INFO [main] org.apache.catalina.startup.VersionLoggerListener.log 명령 행 아규먼트: -Djava.protocol.handler.pkgs=org.apache.catalina.webresources
22-Apr-2020 12:26:12.664 INFO [main] org.apache.catalina.startup.VersionLoggerListener.log 명령 행 아규먼트: -Dignore.endorsed.dirs=
22-Apr-2020 12:26:12.665 INFO [main] org.apache.catalina.startup.VersionLoggerListener.log 명령 행 아규먼트: -Dcatalina.base=C:\JSP\apache-tomcat-8.5.54
22-Apr-2020 12:26:12.666 INFO [main] org.apache.catalina.startup.VersionLoggerListener.log 명령 행 아규먼트: -Dcatalina.home=C:\JSP\apache-tomcat-8.5.54
22-Apr-2020 12:26:12.667 INFO [main] org.apache.catalina.startup.VersionLoggerListener.log 명령 행 아규먼트: -Djava.io.tmpdir=C:\JSP\apache-tomcat-8.5.54\temp
22-Apr-2020 12:26:12.669 INFO [main] org.apache.catalina.core.AprLifecycleListener.lifecycleEvent APR 버전 [1.7.0]을(를) 사용한, APR 기반 Apache Tomcat Native 라이브러리 [1.2.23]을(를) 로드했습니다.
22-Apr-2020 12:26:12.672 INFO [main] org.apache.catalina.core.AprLifecycleListener.lifecycleEvent APR 용량정보들: IPv6 [true], sendfile [true], accept filters [false], random [true].
22-Apr-2020 12:26:12.674 INFO [main] org.apache.catalina.core.AprLifecycleListener.lifecycleEvent APR/OpenSSL 설정: useAprConnector [false], useOpenSSL [true]
22-Apr-2020 12:26:12.687 INFO [main] org.apache.catalina.core.AprLifecycleListener.initializeSSL OpenSSL이 성공적으로 초기화되었습니다: [OpenSSL 1.1.1c  28 May 2019]
22-Apr-2020 12:26:12.747 INFO [main] org.apache.coyote.AbstractProtocol.init 프로토콜 핸들러 ["http-nio-8080"]을(를) 초기화합니다.
22-Apr-2020 12:26:13.193 INFO [main] org.apache.tomcat.util.net.NioSelectorPool.getSharedSelector Using a shared selector for servlet write/read
22-Apr-2020 12:26:13.213 INFO [main] org.apache.catalina.startup.Catalina.load Initialization processed in 1245 ms
22-Apr-2020 12:26:13.284 INFO [main] org.apache.catalina.core.StandardService.startInternal 서비스 [Catalina]을(를) 시작합니다.
22-Apr-2020 12:26:13.284 INFO [main] org.apache.catalina.core.StandardEngine.startInternal Starting Servlet Engine: Apache Tomcat/8.5.54
22-Apr-2020 12:26:13.303 INFO [localhost-startStop-1] org.apache.catalina.startup.HostConfig.deployDirectory 웹 애플리케이션 디렉토리 [C:\JSP\apache-tomcat-8.5.54\webapps\docs]을(를) 배치합니다.
22-Apr-2020 12:26:13.828 WARNING [localhost-startStop-1] org.apache.catalina.util.SessionIdGeneratorBase.createSecureRandom [SHA1PRNG] 알고리즘을 사용하여, 세션 ID를 생성하기 위한 SecureRandom 객체를 생성하는데, [172] 밀리초가 소요됐습니다.
22-Apr-2020 12:26:13.865 INFO [localhost-startStop-1] org.apache.catalina.startup.HostConfig.deployDirectory 웹 애플리케이션 디렉토리 [C:\JSP\apache-tomcat-8.5.54\webapps\docs]에 대한 배치가 [562] 밀리초에 완료되었습니다.
22-Apr-2020 12:26:13.867 INFO [localhost-startStop-1] org.apache.catalina.startup.HostConfig.deployDirectory 웹 애플리케이션 디렉토리 [C:\JSP\apache-tomcat-8.5.54\webapps\examples]을(를) 배치합니다.
22-Apr-2020 12:26:14.591 INFO [localhost-startStop-1] org.apache.catalina.startup.HostConfig.deployDirectory 웹 애플리케이션 디렉토리 [C:\JSP\apache-tomcat-8.5.54\webapps\examples]에 대한 배치가 [723] 밀리초에 완료되었습니다.
22-Apr-2020 12:26:14.593 INFO [localhost-startStop-1] org.apache.catalina.startup.HostConfig.deployDirectory 웹 애플리케이션 디렉토리 [C:\JSP\apache-tomcat-8.5.54\webapps\host-manager]을(를) 배치합니다.
22-Apr-2020 12:26:14.646 INFO [localhost-startStop-1] org.apache.catalina.startup.HostConfig.deployDirectory 웹 애플리케이션 디렉토리 [C:\JSP\apache-tomcat-8.5.54\webapps\host-manager]에 대한 배치가 [53] 밀리초에 완료되었습니다.
22-Apr-2020 12:26:14.647 INFO [localhost-startStop-1] org.apache.catalina.startup.HostConfig.deployDirectory 웹 애플리케이션 디렉토리 [C:\JSP\apache-tomcat-8.5.54\webapps\manager]을(를) 배치합니다.
22-Apr-2020 12:26:14.711 INFO [localhost-startStop-1] org.apache.catalina.startup.HostConfig.deployDirectory 웹 애플리케이션 디렉토리 [C:\JSP\apache-tomcat-8.5.54\webapps\manager]에 대한 배치가 [64] 밀리초에 완료되었습니다.
22-Apr-2020 12:26:14.713 INFO [localhost-startStop-1] org.apache.catalina.startup.HostConfig.deployDirectory 웹 애플리케이션 디렉토리 [C:\JSP\apache-tomcat-8.5.54\webapps\ROOT]을(를) 배치합니다.
22-Apr-2020 12:26:14.768 INFO [localhost-startStop-1] org.apache.catalina.startup.HostConfig.deployDirectory 웹 애플리케이션 디렉토리 [C:\JSP\apache-tomcat-8.5.54\webapps\ROOT]에 대한 배치가 [55] 밀리초에 완료되었습니다.
22-Apr-2020 12:26:14.779 INFO [main] org.apache.coyote.AbstractProtocol.start 프로토콜 핸들러 ["http-nio-8080"]을(를) 시작합니다.
22-Apr-2020 12:26:14.806 INFO [main] org.apache.catalina.startup.Catalina.start Server startup in 1591 ms
